This is pdfTeX, Version 3.14159265-2.6-1.40.21 (MiKTeX 20.7) (preloaded format=pdflatex 2020.10.4)  7 OCT 2020 01:46
entering extended mode
**./document_final.tex
(document_final.tex
LaTeX2e <2020-10-01>
L3 programming layer <2020-09-24> xparse <2020-03-03>
(C:\Users\HP\AppData\Local\Programs\MiKTeX\tex/latex/base\book.cls
Document Class: book 2020/04/10 v1.4m Standard LaTeX document class
(C:\Users\HP\AppData\Local\Programs\MiKTeX\tex/latex/base\fleqn.clo
File: fleqn.clo 2016/12/29 v1.2b Standard LaTeX option (flush left equations)
\mathindent=\skip47
Applying: [2015/01/01] Make \[ robust on input line 50.
LaTeX Info: Redefining \[ on input line 51.
Already applied: [0000/00/00] Make \[ robust on input line 62.
Applying: [2015/01/01] Make \] robust on input line 74.
LaTeX Info: Redefining \] on input line 75.
Already applied: [0000/00/00] Make \] robust on input line 83.
)
(C:\Users\HP\AppData\Local\Programs\MiKTeX\tex/latex/base\bk12.clo
File: bk12.clo 2020/04/10 v1.4m Standard LaTeX file (size option)
)
\c@part=\count175
\c@chapter=\count176
\c@section=\count177
\c@subsection=\count178
\c@subsubsection=\count179
\c@paragraph=\count180
\c@subparagraph=\count181
\c@figure=\count182
\c@table=\count183
\abovecaptionskip=\skip48
\belowcaptionskip=\skip49
\bibindent=\dimen138
)
(C:\Users\HP\AppData\Local\Programs\MiKTeX\tex/latex/cite\cite.sty
LaTeX Info: Redefining \cite on input line 302.
LaTeX Info: Redefining \nocite on input line 332.
Package: cite 2015/02/27  v 5.5
)
(C:\Users\HP\AppData\Local\Programs\MiKTeX\tex/latex/base\fontenc.sty
Package: fontenc 2020/08/10 v2.0s Standard LaTeX package
)
(C:\Users\HP\AppData\Local\Programs\MiKTeX\tex/latex/bbding\bbding.sty
Package: bbding 1999/04/15 v1.01 Dingbats symbols
)
(C:\Users\HP\AppData\Local\Programs\MiKTeX\tex/latex/psnfss\pifont.sty
Package: pifont 2020/03/25 PSNFSS-v9.3 Pi font support (SPQR) 
LaTeX Font Info:    Trying to load font information for U+pzd on input line 63.


(C:\Users\HP\AppData\Local\Programs\MiKTeX\tex/latex/psnfss\upzd.fd
File: upzd.fd 2001/06/04 font definitions for U/pzd.
)
LaTeX Font Info:    Trying to load font information for U+psy on input line 64.


(C:\Users\HP\AppData\Local\Programs\MiKTeX\tex/latex/psnfss\upsy.fd
File: upsy.fd 2001/06/04 font definitions for U/psy.
))
(C:\Users\HP\AppData\Local\Programs\MiKTeX\tex/latex/base\inputenc.sty
Package: inputenc 2020/08/01 v1.3d Input encoding file
\inpenc@prehook=\toks15
\inpenc@posthook=\toks16

(C:\Users\HP\AppData\Local\Programs\MiKTeX\tex/latex/base\ansinew.def
File: ansinew.def 2020/08/01 v1.3d Input encoding file
))
(C:\Users\HP\AppData\Local\Programs\MiKTeX\tex/generic/babel\babel.sty
Package: babel 2020/09/01 3.48 The Babel package

(C:\Users\HP\AppData\Local\Programs\MiKTeX\tex/generic/babel\babel.def
File: babel.def 2020/09/01 3.48 Babel common definitions
\babel@savecnt=\count184
\U@D=\dimen139
\l@babelnohyphens=\language79

(C:\Users\HP\AppData\Local\Programs\MiKTeX\tex/generic/babel\txtbabel.def)
\bbl@readstream=\read2
)
\bbl@dirlevel=\count185

*************************************
* Local config file bblopts.cfg used
*
(C:\Users\HP\AppData\Local\Programs\MiKTeX\tex/latex/arabi\bblopts.cfg
File: bblopts.cfg 2005/09/08 v0.1 add Arabic and Farsi to "declared" options of
 babel
)
(C:\Users\HP\AppData\Local\Programs\MiKTeX\tex/generic/babel-french\french.ldf
Language: french 2020/09/09 v3.5k French support from the babel system
Package babel Info: \l@acadian = using hyphenrules for french
(babel)             (\language22) on input line 91.
Package babel Info: \l@canadien = using hyphenrules for french
(babel)             (\language22) on input line 92.
\FB@nonchar=\count186
Package babel Info: Making : an active character on input line 430.
Package babel Info: Making ; an active character on input line 431.
Package babel Info: Making ! an active character on input line 432.
Package babel Info: Making ? an active character on input line 433.
\FBguill@level=\count187
\FBold@everypar=\toks17
\FB@Mht=\dimen140
\mc@charclass=\count188
\mc@charfam=\count189
\mc@charslot=\count190
\std@mcc=\count191
\dec@mcc=\count192
\listindentFB=\dimen141
\descindentFB=\dimen142
\labelindentFB=\dimen143
\labelwidthFB=\dimen144
\leftmarginFB=\dimen145
\parindentFFN=\dimen146
\FBfnindent=\dimen147
)) (C:\Users\HP\AppData\Local\Programs\MiKTeX\tex/latex/carlisle\scalefnt.sty)
(C:\Users\HP\AppData\Local\Programs\MiKTeX\tex/latex/graphics\keyval.sty
Package: keyval 2014/10/28 v1.15 key=value parser (DPC)
\KV@toks@=\toks18
)
(C:\Users\HP\AppData\Local\Programs\MiKTeX\tex/latex/graphics\graphicx.sty
Package: graphicx 2020/09/09 v1.2b Enhanced LaTeX Graphics (DPC,SPQR)

(C:\Users\HP\AppData\Local\Programs\MiKTeX\tex/latex/graphics\graphics.sty
Package: graphics 2020/08/30 v1.4c Standard LaTeX Graphics (DPC,SPQR)

(C:\Users\HP\AppData\Local\Programs\MiKTeX\tex/latex/graphics\trig.sty
Package: trig 2016/01/03 v1.10 sin cos tan (DPC)
)
(C:\Users\HP\AppData\Local\Programs\MiKTeX\tex/latex/graphics-cfg\graphics.cfg
File: graphics.cfg 2016/06/04 v1.11 sample graphics configuration
)
Package graphics Info: Driver file: pdftex.def on input line 105.
(C:\Users\HP\AppData\Local\Programs\MiKTeX\tex/latex/graphics-def\pdftex.def
File: pdftex.def 2020/08/26 v1.2 Graphics/color driver for pdftex
))
\Gin@req@height=\dimen148
\Gin@req@width=\dimen149
) (C:\Users\HP\AppData\Local\Programs\MiKTeX\tex/latex/wrapfig\wrapfig.sty
\wrapoverhang=\dimen150
\WF@size=\dimen151
\c@WF@wrappedlines=\count193
\WF@box=\box47
\WF@everypar=\toks19
Package: wrapfig 2003/01/31  v 3.6
)
(C:\Users\HP\AppData\Local\Programs\MiKTeX\tex/latex/lipsum\lipsum.sty
(C:\Users\HP\AppData\Local\Programs\MiKTeX\tex/latex/l3kernel\expl3.sty
Package: expl3 2020-09-24 L3 programming layer (loader) 

(C:\Users\HP\AppData\Local\Programs\MiKTeX\tex/latex/l3backend\l3backend-pdftex
.def
File: l3backend-pdftex.def 2020-09-24 L3 backend support: PDF output (pdfTeX)
\l__kernel_color_stack_int=\count194
\l__pdf_internal_box=\box48
))
(C:\Users\HP\AppData\Local\Programs\MiKTeX\tex/latex/l3packages/xparse\xparse.s
ty
Package: xparse 2020-05-15 L3 Experimental document command parser

(C:\Users\HP\AppData\Local\Programs\MiKTeX\tex/latex/l3packages/xparse\xparse-g
eneric.tex))
Package: lipsum 2019/01/02 v2.2 150 paragraphs of Lorem Ipsum dummy text

(C:\Users\HP\AppData\Local\Programs\MiKTeX\tex/latex/lipsum\lipsum.ltd.tex
File: lipsum.ltd.tex 2019/01/02 v2.2 The Lorem ipsum dummy text
))
(C:\Users\HP\AppData\Local\Programs\MiKTeX\tex/latex/hyperref\hyperref.sty
Package: hyperref 2020-05-15 v7.00e Hypertext links for LaTeX

(C:\Users\HP\AppData\Local\Programs\MiKTeX\tex/generic/ltxcmds\ltxcmds.sty
Package: ltxcmds 2020-05-10 v1.25 LaTeX kernel commands for general use (HO)
)
(C:\Users\HP\AppData\Local\Programs\MiKTeX\tex/generic/iftex\iftex.sty
Package: iftex 2020/03/06 v1.0d TeX engine tests
)
(C:\Users\HP\AppData\Local\Programs\MiKTeX\tex/generic/pdftexcmds\pdftexcmds.st
y
Package: pdftexcmds 2020-06-27 v0.33 Utility functions of pdfTeX for LuaTeX (HO
)

(C:\Users\HP\AppData\Local\Programs\MiKTeX\tex/generic/infwarerr\infwarerr.sty
Package: infwarerr 2019/12/03 v1.5 Providing info/warning/error messages (HO)
)
Package pdftexcmds Info: \pdf@primitive is available.
Package pdftexcmds Info: \pdf@ifprimitive is available.
Package pdftexcmds Info: \pdfdraftmode found.
)
(C:\Users\HP\AppData\Local\Programs\MiKTeX\tex/generic/kvsetkeys\kvsetkeys.sty
Package: kvsetkeys 2019/12/15 v1.18 Key value parser (HO)
)
(C:\Users\HP\AppData\Local\Programs\MiKTeX\tex/generic/kvdefinekeys\kvdefinekey
s.sty
Package: kvdefinekeys 2019-12-19 v1.6 Define keys (HO)
)
(C:\Users\HP\AppData\Local\Programs\MiKTeX\tex/generic/pdfescape\pdfescape.sty
Package: pdfescape 2019/12/09 v1.15 Implements pdfTeX's escape features (HO)
) (C:\Users\HP\AppData\Local\Programs\MiKTeX\tex/latex/hycolor\hycolor.sty
Package: hycolor 2020-01-27 v1.10 Color options for hyperref/bookmark (HO)
)
(C:\Users\HP\AppData\Local\Programs\MiKTeX\tex/latex/letltxmacro\letltxmacro.st
y
Package: letltxmacro 2019/12/03 v1.6 Let assignment for LaTeX macros (HO)
) (C:\Users\HP\AppData\Local\Programs\MiKTeX\tex/latex/auxhook\auxhook.sty
Package: auxhook 2019-12-17 v1.6 Hooks for auxiliary files (HO)
)
(C:\Users\HP\AppData\Local\Programs\MiKTeX\tex/latex/kvoptions\kvoptions.sty
Package: kvoptions 2019/11/29 v3.13 Key value format for package options (HO)
)
\@linkdim=\dimen152
\Hy@linkcounter=\count195
\Hy@pagecounter=\count196

(C:\Users\HP\AppData\Local\Programs\MiKTeX\tex/latex/hyperref\pd1enc.def
File: pd1enc.def 2020-05-15 v7.00e Hyperref: PDFDocEncoding definition (HO)
Now handling font encoding PD1 ...
... no UTF-8 mapping file for font encoding PD1
)
(C:\Users\HP\AppData\Local\Programs\MiKTeX\tex/generic/intcalc\intcalc.sty
Package: intcalc 2019/12/15 v1.3 Expandable calculations with integers (HO)
)
(C:\Users\HP\AppData\Local\Programs\MiKTeX\tex/generic/etexcmds\etexcmds.sty
Package: etexcmds 2019/12/15 v1.7 Avoid name clashes with e-TeX commands (HO)
)
\Hy@SavedSpaceFactor=\count197
Package hyperref Info: Hyper figures OFF on input line 4464.
Package hyperref Info: Link nesting OFF on input line 4469.
Package hyperref Info: Hyper index ON on input line 4472.
Package hyperref Info: Plain pages OFF on input line 4479.
Package hyperref Info: Backreferencing OFF on input line 4484.
Package hyperref Info: Implicit mode ON; LaTeX internals redefined.
Package hyperref Info: Bookmarks ON on input line 4717.
\c@Hy@tempcnt=\count198

(C:\Users\HP\AppData\Local\Programs\MiKTeX\tex/latex/url\url.sty
\Urlmuskip=\muskip16
Package: url 2013/09/16  ver 3.4  Verb mode for urls, etc.
)
LaTeX Info: Redefining \url on input line 5076.
\XeTeXLinkMargin=\dimen153

(C:\Users\HP\AppData\Local\Programs\MiKTeX\tex/generic/bitset\bitset.sty
Package: bitset 2019/12/09 v1.3 Handle bit-vector datatype (HO)

(C:\Users\HP\AppData\Local\Programs\MiKTeX\tex/generic/bigintcalc\bigintcalc.st
y
Package: bigintcalc 2019/12/15 v1.5 Expandable calculations on big integers (HO
)
))
\Fld@menulength=\count199
\Field@Width=\dimen154
\Fld@charsize=\dimen155
Package hyperref Info: Hyper figures OFF on input line 6347.
Package hyperref Info: Link nesting OFF on input line 6352.
Package hyperref Info: Hyper index ON on input line 6355.
Package hyperref Info: backreferencing OFF on input line 6362.
Package hyperref Info: Link coloring OFF on input line 6367.
Package hyperref Info: Link coloring with OCG OFF on input line 6372.
Package hyperref Info: PDF/A mode OFF on input line 6377.
LaTeX Info: Redefining \ref on input line 6417.
LaTeX Info: Redefining \pageref on input line 6421.
 (C:\Users\HP\AppData\Local\Programs\MiKTeX\tex/latex/base\atbegshi-ltx.sty
Package: atbegshi-ltx 2020/08/17 v1.0a Emulation of the original atbegshi packa
ge
with kernel methods
)
\Hy@abspage=\count266
\c@Item=\count267
\c@Hfootnote=\count268
)
Package hyperref Info: Driver (autodetected): hpdftex.
 (C:\Users\HP\AppData\Local\Programs\MiKTeX\tex/latex/hyperref\hpdftex.def
File: hpdftex.def 2020-05-15 v7.00e Hyperref driver for pdfTeX

(C:\Users\HP\AppData\Local\Programs\MiKTeX\tex/latex/base\atveryend-ltx.sty
Package: atveryend-ltx 2020/08/19 v1.0a Emulation of the original atvery packag
e
with kernel methods
)
\Fld@listcount=\count269
\c@bookmark@seq@number=\count270

(C:\Users\HP\AppData\Local\Programs\MiKTeX\tex/latex/rerunfilecheck\rerunfilech
eck.sty
Package: rerunfilecheck 2019/12/05 v1.9 Rerun checks for auxiliary files (HO)

(C:\Users\HP\AppData\Local\Programs\MiKTeX\tex/generic/uniquecounter\uniquecoun
ter.sty
Package: uniquecounter 2019/12/15 v1.4 Provide unlimited unique counter (HO)
)
Package uniquecounter Info: New unique counter `rerunfilecheck' on input line 2
86.
)
\Hy@SectionHShift=\skip50
)
(C:\Users\HP\AppData\Local\Programs\MiKTeX\tex/latex/caption\caption.sty
Package: caption 2020/09/12 v3.5b Customizing captions (AR)

(C:\Users\HP\AppData\Local\Programs\MiKTeX\tex/latex/caption\caption3.sty
Package: caption3 2020/09/17 v2.1b caption3 kernel (AR)
\captionmargin=\dimen156
\captionmargin@=\dimen157
\captionwidth=\dimen158
\caption@tempdima=\dimen159
\caption@indent=\dimen160
\caption@parindent=\dimen161
\caption@hangindent=\dimen162
Package caption Info: Standard document class detected.
Package caption Info: french babel package is loaded.
)
\c@caption@flags=\count271
\c@continuedfloat=\count272
Package caption Info: hyperref package is loaded.
Package caption Info: wrapfig package is loaded.
)
(C:\Users\HP\AppData\Local\Programs\MiKTeX\tex/latex/multirow\multirow.sty
Package: multirow 2019/05/31 v2.5 Span multiple rows of a table
\multirow@colwidth=\skip51
\multirow@cntb=\count273
\multirow@dima=\skip52
\bigstrutjot=\dimen163
)
Package hyperref Info: Option `colorlinks' set `true' on input line 25.


Package hyperref Warning: Option `pdftex' has already been used,
(hyperref)                setting the option has no effect on input line 25.

(C:\Users\HP\AppData\Local\Programs\MiKTeX\tex/latex/lm\lmodern.sty
Package: lmodern 2009/10/30 v1.6 Latin Modern Fonts
LaTeX Font Info:    Overwriting symbol font `operators' in version `normal'
(Font)                  OT1/cmr/m/n --> OT1/lmr/m/n on input line 22.
LaTeX Font Info:    Overwriting symbol font `letters' in version `normal'
(Font)                  OML/cmm/m/it --> OML/lmm/m/it on input line 23.
LaTeX Font Info:    Overwriting symbol font `symbols' in version `normal'
(Font)                  OMS/cmsy/m/n --> OMS/lmsy/m/n on input line 24.
LaTeX Font Info:    Overwriting symbol font `largesymbols' in version `normal'
(Font)                  OMX/cmex/m/n --> OMX/lmex/m/n on input line 25.
LaTeX Font Info:    Overwriting symbol font `operators' in version `bold'
(Font)                  OT1/cmr/bx/n --> OT1/lmr/bx/n on input line 26.
LaTeX Font Info:    Overwriting symbol font `letters' in version `bold'
(Font)                  OML/cmm/b/it --> OML/lmm/b/it on input line 27.
LaTeX Font Info:    Overwriting symbol font `symbols' in version `bold'
(Font)                  OMS/cmsy/b/n --> OMS/lmsy/b/n on input line 28.
LaTeX Font Info:    Overwriting symbol font `largesymbols' in version `bold'
(Font)                  OMX/cmex/m/n --> OMX/lmex/m/n on input line 29.
LaTeX Font Info:    Overwriting math alphabet `\mathbf' in version `normal'
(Font)                  OT1/cmr/bx/n --> OT1/lmr/bx/n on input line 31.
LaTeX Font Info:    Overwriting math alphabet `\mathsf' in version `normal'
(Font)                  OT1/cmss/m/n --> OT1/lmss/m/n on input line 32.
LaTeX Font Info:    Overwriting math alphabet `\mathit' in version `normal'
(Font)                  OT1/cmr/m/it --> OT1/lmr/m/it on input line 33.
LaTeX Font Info:    Overwriting math alphabet `\mathtt' in version `normal'
(Font)                  OT1/cmtt/m/n --> OT1/lmtt/m/n on input line 34.
LaTeX Font Info:    Overwriting math alphabet `\mathbf' in version `bold'
(Font)                  OT1/cmr/bx/n --> OT1/lmr/bx/n on input line 35.
LaTeX Font Info:    Overwriting math alphabet `\mathsf' in version `bold'
(Font)                  OT1/cmss/bx/n --> OT1/lmss/bx/n on input line 36.
LaTeX Font Info:    Overwriting math alphabet `\mathit' in version `bold'
(Font)                  OT1/cmr/bx/it --> OT1/lmr/bx/it on input line 37.
LaTeX Font Info:    Overwriting math alphabet `\mathtt' in version `bold'
(Font)                  OT1/cmtt/m/n --> OT1/lmtt/m/n on input line 38.
)
(C:\Users\HP\AppData\Local\Programs\MiKTeX\tex/latex/eurosym\eurosym.sty
Package: eurosym 1998/08/06 v1.1 European currency symbol ``Euro''
\@eurobox=\box49
)
(C:\Users\HP\AppData\Local\Programs\MiKTeX\tex/latex/amsmath\amsmath.sty
Package: amsmath 2020/09/23 v2.17i AMS math features
\@mathmargin=\skip53

For additional information on amsmath, use the `?' option.
(C:\Users\HP\AppData\Local\Programs\MiKTeX\tex/latex/amsmath\amstext.sty
Package: amstext 2000/06/29 v2.01 AMS text

(C:\Users\HP\AppData\Local\Programs\MiKTeX\tex/latex/amsmath\amsgen.sty
File: amsgen.sty 1999/11/30 v2.0 generic functions
\@emptytoks=\toks20
\ex@=\dimen164
))
(C:\Users\HP\AppData\Local\Programs\MiKTeX\tex/latex/amsmath\amsbsy.sty
Package: amsbsy 1999/11/29 v1.2d Bold Symbols
\pmbraise@=\dimen165
)
(C:\Users\HP\AppData\Local\Programs\MiKTeX\tex/latex/amsmath\amsopn.sty
Package: amsopn 2016/03/08 v2.02 operator names
)
\inf@bad=\count274
LaTeX Info: Redefining \frac on input line 234.
\uproot@=\count275
\leftroot@=\count276
LaTeX Info: Redefining \overline on input line 399.
\classnum@=\count277
\DOTSCASE@=\count278
LaTeX Info: Redefining \ldots on input line 496.
LaTeX Info: Redefining \dots on input line 499.
LaTeX Info: Redefining \cdots on input line 620.
\Mathstrutbox@=\box50
\strutbox@=\box51
\big@size=\dimen166
LaTeX Font Info:    Redeclaring font encoding OML on input line 743.
LaTeX Font Info:    Redeclaring font encoding OMS on input line 744.
\macc@depth=\count279
\c@MaxMatrixCols=\count280
\dotsspace@=\muskip17
\c@parentequation=\count281
\dspbrk@lvl=\count282
\tag@help=\toks21
\row@=\count283
\column@=\count284
\maxfields@=\count285
\andhelp@=\toks22
\eqnshift@=\dimen167
\alignsep@=\dimen168
\tagshift@=\dimen169
\tagwidth@=\dimen170
\totwidth@=\dimen171
\lineht@=\dimen172
\@envbody=\toks23
\multlinegap=\skip54
\multlinetaggap=\skip55
\mathdisplay@stack=\toks24
LaTeX Info: Redefining \[ on input line 2923.
LaTeX Info: Redefining \] on input line 2924.
)
(C:\Users\HP\AppData\Local\Programs\MiKTeX\tex/latex/amsfonts\amssymb.sty
Package: amssymb 2013/01/14 v3.01 AMS font symbols

(C:\Users\HP\AppData\Local\Programs\MiKTeX\tex/latex/amsfonts\amsfonts.sty
Package: amsfonts 2013/01/14 v3.01 Basic AMSFonts support
\symAMSa=\mathgroup4
\symAMSb=\mathgroup5
LaTeX Font Info:    Redeclaring math symbol \hbar on input line 98.
LaTeX Font Info:    Overwriting math alphabet `\mathfrak' in version `bold'
(Font)                  U/euf/m/n --> U/euf/b/n on input line 106.
))
(C:\Users\HP\AppData\Local\Programs\MiKTeX\tex/latex/anysize\anysize.sty
Package: anysize 1994/08/13 setting margin sizes

document style option `anysize' loaded
Michael Salzenberg, Thomas Esser, Dirk Hillbrecht
Version 1.0, Aug 13, 1994
\@Leftmargin=\dimen173
\@Rightmargin=\dimen174
\@Topmargin=\dimen175
\@Bottommargin=\dimen176
) (C:\Users\HP\AppData\Local\Programs\MiKTeX\tex/latex/fancyhdr\fancyhdr.sty
Package: fancyhdr 2019/01/31 v3.10 Extensive control of page headers and footer
s
\f@nch@headwidth=\skip56
\f@nch@O@elh=\skip57
\f@nch@O@erh=\skip58
\f@nch@O@olh=\skip59
\f@nch@O@orh=\skip60
\f@nch@O@elf=\skip61
\f@nch@O@erf=\skip62
\f@nch@O@olf=\skip63
\f@nch@O@orf=\skip64
)
(C:\Users\HP\AppData\Local\Programs\MiKTeX\tex/latex/fncychap\fncychap.sty
Package: fncychap 2007/07/30 v1.34 LaTeX package (Revised chapters)
\RW=\skip65
\mylen=\skip66
\myhi=\skip67
\px=\skip68
\py=\skip69
\pyy=\skip70
\pxx=\skip71
)
(C:\Users\HP\AppData\Local\Programs\MiKTeX\tex/latex/fancybox\fancybox.sty
Package: fancybox 2010/05/15 1.4

Style option: `fancybox' v1.4 <2010/05/15> (tvz)
\@fancybox=\box52
\shadowsize=\dimen177
\@Sbox=\box53
\do@VerbBox=\toks25
\the@fancyput=\toks26
\this@fancyput=\toks27
\EndVerbatimTokens=\toks28
\Verbatim@Outfile=\write3
\Verbatim@Infile=\read3
) (C:\Users\HP\AppData\Local\Programs\MiKTeX\tex/latex/graphics\color.sty
Package: color 2020/02/24 v1.2b Standard LaTeX Color (DPC)

(C:\Users\HP\AppData\Local\Programs\MiKTeX\tex/latex/graphics-cfg\color.cfg
File: color.cfg 2016/01/02 v1.6 sample color configuration
)
Package color Info: Driver file: pdftex.def on input line 147.
)
(C:\Users\HP\AppData\Local\Programs\MiKTeX\tex/latex/lettrine\lettrine.sty
File: lettrine.sty 2020-03-14 v2.23 (Daniel Flipo)

(C:\Users\HP\AppData\Local\Programs\MiKTeX\tex/generic/minifp\minifp.sty
Package: minifp 2013/12/30 v0.96. Macros for real number operations and a stack
-based programing language.
\MFP@loopctr=\count286
)
\c@DefaultLines=\count287
\c@DefaultDepth=\count288
\DefaultFindent=\dimen178
\DefaultNindent=\dimen179
\DefaultSlope=\dimen180
\DiscardVskip=\dimen181
\L@lbox=\box54
\L@tbox=\box55
\c@L@lines=\count289
\c@L@depth=\count290
\L@Pindent=\dimen182
\L@Findent=\dimen183
\L@Nindent=\dimen184
\L@lraise=\dimen185
\L@first=\dimen186
\L@next=\dimen187
\L@slope=\dimen188
\L@height=\dimen189
\L@novskip=\dimen190
\L@target@ht=\dimen191
\L@target@dp=\dimen192
\L@target@tht=\dimen193
\LettrineWidth=\dimen194
\LettrineHeight=\dimen195
\LettrineDepth=\dimen196
\Llist@everypar=\toks29

Loading lettrine.cfg
(C:\Users\HP\AppData\Local\Programs\MiKTeX\tex/latex/lettrine\lettrine.cfg))
(C:\Users\HP\AppData\Local\Programs\MiKTeX\tex/latex/titlesec\titletoc.sty
Package: titletoc 2019/10/16 v2.13 TOC entries
\ttl@leftsep=\dimen197
)
(C:\Users\HP\AppData\Local\Programs\MiKTeX\tex/latex/graphics\lscape.sty
Package: lscape 2020/05/28 v3.02 Landscape Pages (DPC)
)
(C:\Users\HP\AppData\Local\Programs\MiKTeX\tex/latex/enumitem\enumitem.sty
Package: enumitem 2019/06/20 v3.9 Customized lists
\labelindent=\skip72
\enit@outerparindent=\dimen198
\enit@toks=\toks30
\enit@inbox=\box56
\enit@count@id=\count291
\enitdp@description=\count292
)
(C:\Users\HP\AppData\Local\Programs\MiKTeX\tex/latex/bold-extra\bold-extra.sty
Package: bold-extra 2001/11/13 v0.1 Use fonts from cm/mf-extra/bold
) (C:\Users\HP\AppData\Local\Programs\MiKTeX\tex/latex/float\float.sty
Package: float 2001/11/08 v1.3d Float enhancements (AL)
\c@float@type=\count293
\float@exts=\toks31
\float@box=\box57
\@float@everytoks=\toks32
\@floatcapt=\box58
)
(C:\Users\HP\AppData\Local\Programs\MiKTeX\tex/latex/appendix\appendix.sty
Package: appendix 2020/02/08 v1.2c extra appendix facilities
\c@@pps=\count294
\c@@ppsavesec=\count295
\c@@ppsaveapp=\count296
)
(C:\Users\HP\AppData\Local\Programs\MiKTeX\tex/latex/geometry\geometry.sty
Package: geometry 2020/01/02 v5.9 Page Geometry

(C:\Users\HP\AppData\Local\Programs\MiKTeX\tex/generic/iftex\ifvtex.sty
Package: ifvtex 2019/10/25 v1.7 ifvtex legacy package. Use iftex instead.
)
\Gm@cnth=\count297
\Gm@cntv=\count298
\c@Gm@tempcnt=\count299
\Gm@bindingoffset=\dimen199
\Gm@wd@mp=\dimen256
\Gm@odd@mp=\dimen257
\Gm@even@mp=\dimen258
\Gm@layoutwidth=\dimen259
\Gm@layoutheight=\dimen260
\Gm@layouthoffset=\dimen261
\Gm@layoutvoffset=\dimen262
\Gm@dimlist=\toks33

(C:\Users\HP\AppData\Local\Programs\MiKTeX\tex/latex/geometry\geometry.cfg))
LaTeX Font Info:    Trying to load font information for T1+lmr on input line 85
.

(C:\Users\HP\AppData\Local\Programs\MiKTeX\tex/latex/lm\t1lmr.fd
File: t1lmr.fd 2009/10/30 v1.6 Font defs for Latin Modern
)
(document_final.aux (ppgarde.aux) (dedicace.aux) (thanks.aux) (abstract.aux)
(symbabrev.aux) (pagevide.aux) (introduction.aux) (chapitre1.aux) (pagevide.aux
) (chapitre2.aux

LaTeX Warning: Label `fig:figure_11' multiply defined.

) (pagevide.aux) (chapitre3.aux

LaTeX Warning: Label `tab_02' multiply defined.

) (pagevide.aux) (conclusion.aux) (biblio1.aux) (biblio2.aux) (pagevide.aux))
\openout1 = `document_final.aux'.

LaTeX Font Info:    Checking defaults for OML/cmm/m/it on input line 85.
LaTeX Font Info:    ... okay on input line 85.
LaTeX Font Info:    Checking defaults for OMS/cmsy/m/n on input line 85.
LaTeX Font Info:    ... okay on input line 85.
LaTeX Font Info:    Checking defaults for OT1/cmr/m/n on input line 85.
LaTeX Font Info:    ... okay on input line 85.
LaTeX Font Info:    Checking defaults for T1/cmr/m/n on input line 85.
LaTeX Font Info:    ... okay on input line 85.
LaTeX Font Info:    Checking defaults for TS1/cmr/m/n on input line 85.
LaTeX Font Info:    ... okay on input line 85.
LaTeX Font Info:    Checking defaults for OMX/cmex/m/n on input line 85.
LaTeX Font Info:    ... okay on input line 85.
LaTeX Font Info:    Checking defaults for U/cmr/m/n on input line 85.
LaTeX Font Info:    ... okay on input line 85.
LaTeX Font Info:    Checking defaults for PD1/pdf/m/n on input line 85.
LaTeX Font Info:    ... okay on input line 85.
LaTeX Info: Redefining \degres on input line 85.
LaTeX Info: Redefining \dots on input line 85.
Package french.ldf Info: Setting StandardItemizeEnv=true for
(french.ldf)             compatibility with enumitem package,
(french.ldf)             reported on input line 85.
Package french.ldf Info: Setting StandardEnumerateEnv=true for
(french.ldf)             compatibility with enumitem package,
(french.ldf)             reported on input line 85.
LaTeX Info: Redefining \up on input line 85.

(C:\Users\HP\AppData\Local\Programs\MiKTeX\tex/context/base/mkii\supp-pdf.mkii
[Loading MPS to PDF converter (version 2006.09.02).]
\scratchcounter=\count300
\scratchdimen=\dimen263
\scratchbox=\box59
\nofMPsegments=\count301
\nofMParguments=\count302
\everyMPshowfont=\toks34
\MPscratchCnt=\count303
\MPscratchDim=\dimen264
\MPnumerator=\count304
\makeMPintoPDFobject=\count305
\everyMPtoPDFconversion=\toks35
)
(C:\Users\HP\AppData\Local\Programs\MiKTeX\tex/latex/epstopdf-pkg\epstopdf-base
.sty
Package: epstopdf-base 2020-01-24 v2.11 Base part for package epstopdf
Package epstopdf-base Info: Redefining graphics rule for `.eps' on input line 4
85.
)
Package hyperref Info: Link coloring ON on input line 85.
 (C:\Users\HP\AppData\Local\Programs\MiKTeX\tex/latex/hyperref\nameref.sty
Package: nameref 2019/09/16 v2.46 Cross-referencing by name of section
(C:\Users\HP\AppData\Local\Programs\MiKTeX\tex/latex/refcount\refcount.sty
Package: refcount 2019/12/15 v3.6 Data extraction from label references (HO)
)
(C:\Users\HP\AppData\Local\Programs\MiKTeX\tex/generic/gettitlestring\gettitles
tring.sty
Package: gettitlestring 2019/12/15 v1.6 Cleanup title references (HO)
)
\c@section@level=\count306
)
LaTeX Info: Redefining \ref on input line 85.
LaTeX Info: Redefining \pageref on input line 85.
LaTeX Info: Redefining \nameref on input line 85.
 (document_final.out) (document_final.out)
\@outlinefile=\write4
\openout4 = `document_final.out'.

Package caption Info: Begin \AtBeginDocument code.
Package caption Info: float package is loaded.
Package caption Info: End \AtBeginDocument code.

*geometry* driver: auto-detecting
*geometry* detected driver: pdftex
*geometry* verbose mode - [ preamble ] result:
* driver: pdftex
* paper: a4paper
* layout: <same size as paper>
* layoutoffset:(h,v)=(0.0pt,0.0pt)
* modes: twoside asymmetric 
* h-part:(L,W,R)=(86.72377pt, 438.51411pt, 72.26999pt)
* v-part:(T,H,B)=(72.26999pt, 700.50687pt, 72.26999pt)
* \paperwidth=597.50787pt
* \paperheight=845.04684pt
* \textwidth=438.51411pt
* \textheight=700.50687pt
* \oddsidemargin=14.45378pt
* \evensidemargin=14.45378pt
* \topmargin=-31.8738pt
* \headheight=12.0pt
* \headsep=19.8738pt
* \topskip=12.0pt
* \footskip=30.0pt
* \marginparwidth=88.0pt
* \marginparsep=7.0pt
* \columnsep=10.0pt
* \skip\footins=10.8pt plus 4.0pt minus 2.0pt
* \hoffset=0.0pt
* \voffset=0.0pt
* \mag=1000
* \@twocolumnfalse
* \@twosidetrue
* \@mparswitchfalse
* \@reversemarginfalse
* (1in=72.27pt=25.4mm, 1cm=28.453pt)

\openout2 = `ppgarde.aux'.

(ppgarde.tex
<logo.jpeg, id=307, 112.92188pt x 112.92188pt>
File: logo.jpeg Graphic file (type jpg)
<use logo.jpeg>
Package pdftex.def Info: logo.jpeg  used on input line 14.
(pdftex.def)             Requested size: 90.3376pt x 90.3376pt.


LaTeX Font Warning: Font shape `T1/lmr/bx/sc' undefined
(Font)              using `T1/lmr/bx/n' instead on input line 20.

LaTeX Font Info:    Trying to load font information for OT1+lmr on input line 3
8.
(C:\Users\HP\AppData\Local\Programs\MiKTeX\tex/latex/lm\ot1lmr.fd
File: ot1lmr.fd 2009/10/30 v1.6 Font defs for Latin Modern
)
LaTeX Font Info:    Trying to load font information for OML+lmm on input line 3
8.

(C:\Users\HP\AppData\Local\Programs\MiKTeX\tex/latex/lm\omllmm.fd
File: omllmm.fd 2009/10/30 v1.6 Font defs for Latin Modern
)
LaTeX Font Info:    Trying to load font information for OMS+lmsy on input line 
38.

(C:\Users\HP\AppData\Local\Programs\MiKTeX\tex/latex/lm\omslmsy.fd
File: omslmsy.fd 2009/10/30 v1.6 Font defs for Latin Modern
)
LaTeX Font Info:    Trying to load font information for OMX+lmex on input line 
38.

(C:\Users\HP\AppData\Local\Programs\MiKTeX\tex/latex/lm\omxlmex.fd
File: omxlmex.fd 2009/10/30 v1.6 Font defs for Latin Modern
)
LaTeX Font Info:    External font `lmex10' loaded for size
(Font)              <12> on input line 38.
LaTeX Font Info:    External font `lmex10' loaded for size
(Font)              <8> on input line 38.
LaTeX Font Info:    External font `lmex10' loaded for size
(Font)              <6> on input line 38.
LaTeX Font Info:    Trying to load font information for U+msa on input line 38.


(C:\Users\HP\AppData\Local\Programs\MiKTeX\tex/latex/amsfonts\umsa.fd
File: umsa.fd 2013/01/14 v3.01 AMS symbols A
)
LaTeX Font Info:    Trying to load font information for U+msb on input line 38.


(C:\Users\HP\AppData\Local\Programs\MiKTeX\tex/latex/amsfonts\umsb.fd
File: umsb.fd 2013/01/14 v3.01 AMS symbols B
)
LaTeX Font Info:    Trying to load font information for TS1+lmr on input line 6
4.

(C:\Users\HP\AppData\Local\Programs\MiKTeX\tex/latex/lm\ts1lmr.fd
File: ts1lmr.fd 2009/10/30 v1.6 Font defs for Latin Modern
))

Package Fancyhdr Warning: \headheight is too small (12.0pt): 
Make it at least 14.49998pt.
We now make it that large for the rest of the document.
This may cause the page layout to be inconsistent, however.

[1


{C:/Users/HP/AppData/Local/MiKTeX/pdftex/config/pdftex.map} <./logo.jpeg>]
[2



]
\openout2 = `dedicace.aux'.

 (dedicace.tex) [3

]
\openout2 = `thanks.aux'.

 (thanks.tex
Underfull \hbox (badness 10000) in paragraph at lines 4--14

 []


Underfull \hbox (badness 10000) in paragraph at lines 4--14

 []


Underfull \hbox (badness 10000) in paragraph at lines 4--14

 []


Underfull \hbox (badness 10000) in paragraph at lines 4--14

 []


Underfull \hbox (badness 10000) in paragraph at lines 4--14

 []


Underfull \hbox (badness 10000) in paragraph at lines 4--14

 []

) [4






]
\openout2 = `abstract.aux'.

 (abstract.tex [5





]) [6] (document_final.toc [7




] [8])
\tf@toc=\write5
\openout5 = `document_final.toc'.

 [9]
\openout2 = `symbabrev.aux'.

 (symbabrev.tex
LaTeX Font Info:    External font `lmex10' loaded for size
(Font)              <10.95> on input line 3.
)
[10



]
\openout2 = `pagevide.aux'.

 (pagevide.tex) (document_final.lof [11







])
\tf@lof=\write6
\openout6 = `document_final.lof'.

 [12] (document_final.lot)
\tf@lot=\write7
\openout7 = `document_final.lot'.


[13


]
\openout2 = `introduction.aux'.

 (introduction.tex
Underfull \vbox (badness 2698) has occurred while \output is active []

pdfTeX warning (ext4): destination with the same identifier (name{page.1}) has 
been already used, duplicate ignored
<to be read again> 
                   \relax 
l.16 	\item
            \textbf{Chapitre 1 « L'analyse du big data »:} [1



]
Underfull \hbox (badness 10000) in paragraph at lines 20--22

 []

pdfTeX warning (ext4): destination with the same identifier (name{page.2}) has 
been already used, duplicate ignored
<to be read again> 
                   \relax 
l.23 \newpage
              [2]) [3]
\openout2 = `chapitre1.aux'.

 (chapitre1.tex
Chapitre 1.

Underfull \hbox (badness 10000) in paragraph at lines 6--8

 []

[4





]
Underfull \hbox (badness 3354) in paragraph at lines 19--19
[]\T1/lmr/bx/n/17.28 Machine Lear-ning (Ap-pren-tis-sage au-to-ma-
 []

<./image_chapitre1/figure_01.png, id=669, 446.6286pt x 131.0496pt>
File: ./image_chapitre1/figure_01.png Graphic file (type png)
<use ./image_chapitre1/figure_01.png>
Package pdftex.def Info: ./image_chapitre1/figure_01.png  used on input line 24
.
(pdftex.def)             Requested size: 394.66002pt x 115.79991pt.

Underfull \vbox (badness 10000) has occurred while \output is active []

 [5]
[6 <./image_chapitre1/figure_01.png>]
<./image_chapitre1/figure_02.png, id=690, 688.07062pt x 240.14719pt>
File: ./image_chapitre1/figure_02.png Graphic file (type png)
<use ./image_chapitre1/figure_02.png>
Package pdftex.def Info: ./image_chapitre1/figure_02.png  used on input line 51
.
(pdftex.def)             Requested size: 394.66002pt x 137.74275pt.
<./image_chapitre1/figure_03.png, id=695, 538.26094pt x 127.97812pt>
File: ./image_chapitre1/figure_03.png Graphic file (type png)
<use ./image_chapitre1/figure_03.png>
Package pdftex.def Info: ./image_chapitre1/figure_03.png  used on input line 59
.
(pdftex.def)             Requested size: 394.66002pt x 93.83528pt.

Underfull \vbox (badness 2875) has occurred while \output is active []

 [7 <./image_chapitre1/figure_02.png>]
Underfull \hbox (badness 10000) in paragraph at lines 65--68

 []

[8 <./image_chapitre1/figure_03.png>]
<./image_chapitre1/figure_04.png, id=724, 258.21469pt x 94.10156pt>
File: ./image_chapitre1/figure_04.png Graphic file (type png)
<use ./image_chapitre1/figure_04.png>
Package pdftex.def Info: ./image_chapitre1/figure_04.png  used on input line 78
.
(pdftex.def)             Requested size: 263.11115pt x 95.89471pt.
 [9 <./image_chapitre1/figure_04.png>]
<./image_chapitre1/figure_05.png, id=737, 645.91313pt x 271.76532pt>
File: ./image_chapitre1/figure_05.png Graphic file (type png)
<use ./image_chapitre1/figure_05.png>
Package pdftex.def Info: ./image_chapitre1/figure_05.png  used on input line 99
.
(pdftex.def)             Requested size: 394.66002pt x 166.05028pt.

[10 <./image_chapitre1/figure_05.png>]
<./image_chapitre1/figure_06.png, id=749, 365.11406pt x 155.83218pt>
File: ./image_chapitre1/figure_06.png Graphic file (type png)
<use ./image_chapitre1/figure_06.png>
Package pdftex.def Info: ./image_chapitre1/figure_06.png  used on input line 11
2.
(pdftex.def)             Requested size: 394.66002pt x 168.4508pt.
<./image_chapitre1/figure_07.png, id=753, 553.31718pt x 247.67531pt>
File: ./image_chapitre1/figure_07.png Graphic file (type png)
<use ./image_chapitre1/figure_07.png>
Package pdftex.def Info: ./image_chapitre1/figure_07.png  used on input line 12
3.
(pdftex.def)             Requested size: 394.66002pt x 176.65567pt.
 [11 <./image_chapitre1/figure_06.png>]
<./image_chapitre1/figure_08.png, id=765, 541.27219pt x 285.31593pt>
File: ./image_chapitre1/figure_08.png Graphic file (type png)
<use ./image_chapitre1/figure_08.png>
Package pdftex.def Info: ./image_chapitre1/figure_08.png  used on input line 13
2.
(pdftex.def)             Requested size: 350.81262pt x 184.92638pt.

[12 <./image_chapitre1/figure_07.png> <./image_chapitre1/figure_08.png>]
<./image_chapitre1/figure_09.png, id=778, 828.09375pt x 301.125pt>
File: ./image_chapitre1/figure_09.png Graphic file (type png)
<use ./image_chapitre1/figure_09.png>
Package pdftex.def Info: ./image_chapitre1/figure_09.png  used on input line 14
0.
(pdftex.def)             Requested size: 306.95853pt x 111.62126pt.
<./image_chapitre1/figure_10.png, id=781, 483.30562pt x 238.64156pt>
File: ./image_chapitre1/figure_10.png Graphic file (type png)
<use ./image_chapitre1/figure_10.png>
Package pdftex.def Info: ./image_chapitre1/figure_10.png  used on input line 14
8.
(pdftex.def)             Requested size: 306.95853pt x 151.5721pt.

[13 <./image_chapitre1/figure_09.png> <./image_chapitre1/figure_10.png>]
[14]
Underfull \vbox (badness 10000) has occurred while \output is active []

 [15]
Underfull \vbox (badness 10000) has occurred while \output is active []

 [16]
<./image_chapitre1/figure_13.jpg, id=813, 310.2792pt x 253.9086pt>
File: ./image_chapitre1/figure_13.jpg Graphic file (type jpg)
<use ./image_chapitre1/figure_13.jpg>
Package pdftex.def Info: ./image_chapitre1/figure_13.jpg  used on input line 19
6.
(pdftex.def)             Requested size: 263.11115pt x 215.32741pt.
)
[17 <./image_chapitre1/figure_13.jpg>]
\openout2 = `pagevide.aux'.

 (pagevide.tex)
\openout2 = `chapitre2.aux'.

 (chapitre2.tex
Chapitre 2.

Package hyperref Warning: Token not allowed in a PDF string (PDFDocEncoding):
(hyperref)                removing `\@ifnextchar' on input line 8.


Underfull \vbox (badness 10000) has occurred while \output is active []

 [18







]

Package hyperref Warning: Token not allowed in a PDF string (PDFDocEncoding):
(hyperref)                removing `\@ifnextchar' on input line 10.

[19]

Package hyperref Warning: Token not allowed in a PDF string (PDFDocEncoding):
(hyperref)                removing `\@ifnextchar' on input line 13.


Underfull \hbox (badness 1210) in paragraph at lines 16--16
[]\T1/lmr/bx/n/14.4 Reconnaissance fa-ciale avec les ré-seaux convo-lu-tifs
 []


Package hyperref Warning: Token not allowed in a PDF string (PDFDocEncoding):
(hyperref)                removing `\@ifnextchar' on input line 16.

[20]

Package hyperref Warning: Token not allowed in a PDF string (PDFDocEncoding):
(hyperref)                removing `\@ifnextchar' on input line 19.


Package hyperref Warning: Token not allowed in a PDF string (PDFDocEncoding):
(hyperref)                removing `\@ifnextchar' on input line 21.

[21]

Package hyperref Warning: Token not allowed in a PDF string (PDFDocEncoding):
(hyperref)                removing `\@ifnextchar' on input line 23.


Package hyperref Warning: Token not allowed in a PDF string (PDFDocEncoding):
(hyperref)                removing `\@ifnextchar' on input line 25.

[22] [23] [24]
<./image_chapitre1/figure_11.png, id=879, 449.42906pt x 224.33812pt>
File: ./image_chapitre1/figure_11.png Graphic file (type png)
<use ./image_chapitre1/figure_11.png>
Package pdftex.def Info: ./image_chapitre1/figure_11.png  used on input line 44
.
(pdftex.def)             Requested size: 394.66002pt x 197.00737pt.


Package hyperref Warning: Token not allowed in a PDF string (PDFDocEncoding):
(hyperref)                removing `\@ifnextchar' on input line 56.


Underfull \hbox (badness 10000) in paragraph at lines 57--59

 []

[25 <./image_chapitre1/figure_11.png>]

Package hyperref Warning: Token not allowed in a PDF string (PDFDocEncoding):
(hyperref)                removing `\@ifnextchar' on input line 70.


Underfull \hbox (badness 10000) in paragraph at lines 71--72

 []


Underfull \hbox (badness 10000) in paragraph at lines 74--76

 []


Underfull \hbox (badness 10000) in paragraph at lines 78--80

 []

[26]
Underfull \hbox (badness 10000) in paragraph at lines 85--89

 []


Underfull \hbox (badness 10000) in paragraph at lines 98--99

 []

[27]
Underfull \hbox (badness 10000) in paragraph at lines 103--105

 []


Package amsmath Warning: Cannot use `split' here;
(amsmath)                trying to recover with `aligned' on input line 115.

[28]
<./image_chapitre1/figure_12.png, id=930, 455.45157pt x 697.10437pt>
File: ./image_chapitre1/figure_12.png Graphic file (type png)
<use ./image_chapitre1/figure_12.png>
Package pdftex.def Info: ./image_chapitre1/figure_12.png  used on input line 12
3.
(pdftex.def)             Requested size: 394.66002pt x 604.07196pt.
 [29 <./image_chapitre1/figure_12.png>]) [30]
\openout2 = `pagevide.aux'.

 (pagevide.tex)
\openout2 = `chapitre3.aux'.

 (chapitre3.tex
Chapitre 3.
[31







]

Package caption Warning: The option `hypcap=true' will be ignored for this
(caption)                particular \caption on input line 20.
See the caption package documentation for explanation.


Package caption Warning: The option `hypcap=true' will be ignored for this
(caption)                particular \caption on input line 32.
See the caption package documentation for explanation.


Package caption Warning: The option `hypcap=true' will be ignored for this
(caption)                particular \caption on input line 46.
See the caption package documentation for explanation.

<./image_chapitre3/figure_01.png, id=949, 408.77719pt x 67.75313pt>
File: ./image_chapitre3/figure_01.png Graphic file (type png)
<use ./image_chapitre3/figure_01.png>
Package pdftex.def Info: ./image_chapitre3/figure_01.png  used on input line 57
.
(pdftex.def)             Requested size: 394.66002pt x 65.41649pt.
[32] [33 <./image_chapitre3/figure_01.png>]
<./image_chapitre3/figure_25.png, id=977, 283.81032pt x 197.23688pt>
File: ./image_chapitre3/figure_25.png Graphic file (type png)
<use ./image_chapitre3/figure_25.png>
Package pdftex.def Info: ./image_chapitre3/figure_25.png  used on input line 78
.
(pdftex.def)             Requested size: 219.25705pt x 152.38147pt.
 [34 <./image_chapitre3/figure_25.png>]
<./image_chapitre3/figure_03.png, id=993, 278.54062pt x 136.25906pt>
File: ./image_chapitre3/figure_03.png Graphic file (type png)
<use ./image_chapitre3/figure_03.png>
Package pdftex.def Info: ./image_chapitre3/figure_03.png  used on input line 91
.
(pdftex.def)             Requested size: 219.25705pt x 107.2609pt.
<./image_chapitre3/figure_04.png, id=994, 89.58469pt x 59.47218pt>
File: ./image_chapitre3/figure_04.png Graphic file (type png)
<use ./image_chapitre3/figure_04.png>
Package pdftex.def Info: ./image_chapitre3/figure_04.png  used on input line 10
0.
(pdftex.def)             Requested size: 131.55557pt x 87.34137pt.
<./image_chapitre3/figure_05.png, id=996, 469.755pt x 284.56313pt>
File: ./image_chapitre3/figure_05.png Graphic file (type png)
<use ./image_chapitre3/figure_05.png>
Package pdftex.def Info: ./image_chapitre3/figure_05.png  used on input line 10
9.
(pdftex.def)             Requested size: 394.66002pt x 239.07481pt.
 [35 <./image_chapitre3/figure_03.png> <./image_chapitre3/figure_04.png>]
[36 <./image_chapitre3/figure_05.png>]
Underfull \hbox (badness 10000) in paragraph at lines 119--121

 []

<./image_chapitre3/figure_06.png, id=1019, 1529.715pt x 558.58687pt>
File: ./image_chapitre3/figure_06.png Graphic file (type png)
<use ./image_chapitre3/figure_06.png>
Package pdftex.def Info: ./image_chapitre3/figure_06.png  used on input line 12
5.
(pdftex.def)             Requested size: 394.66002pt x 144.1126pt.
<./image_chapitre3/figure_07.png, id=1020, 488.4795pt x 192.8295pt>
File: ./image_chapitre3/figure_07.png Graphic file (type png)
<use ./image_chapitre3/figure_07.png>
Package pdftex.def Info: ./image_chapitre3/figure_07.png  used on input line 13
1.
(pdftex.def)             Requested size: 394.66002pt x 155.79675pt.
[37 <./image_chapitre3/figure_06.png> <./image_chapitre3/figure_07.png>]
[38] [39]
<./image_chapitre3/figure_08.png, id=1036, 522.45187pt x 246.9225pt>
File: ./image_chapitre3/figure_08.png Graphic file (type png)
<use ./image_chapitre3/figure_08.png>
Package pdftex.def Info: ./image_chapitre3/figure_08.png  used on input line 16
7.
(pdftex.def)             Requested size: 394.66002pt x 186.52895pt.
 [40 <./image_chapitre3/figure_08.png>]
<./image_chapitre3/figure_09.png, id=1044, 522.45187pt x 250.68657pt>
File: ./image_chapitre3/figure_09.png Graphic file (type png)
<use ./image_chapitre3/figure_09.png>
Package pdftex.def Info: ./image_chapitre3/figure_09.png  used on input line 18
1.
(pdftex.def)             Requested size: 394.66002pt x 189.37239pt.
<./image_chapitre3/figure_10.png, id=1045, 522.45187pt x 246.9225pt>
File: ./image_chapitre3/figure_10.png Graphic file (type png)
<use ./image_chapitre3/figure_10.png>
Package pdftex.def Info: ./image_chapitre3/figure_10.png  used on input line 18
8.
(pdftex.def)             Requested size: 394.66002pt x 186.52895pt.
 [41 <./image_chapitre3/figure_09.png> <./image_chapitre3/figure_10.png>]
<./image_chapitre3/figure_11.png, id=1051, 522.45187pt x 262.73157pt>
File: ./image_chapitre3/figure_11.png Graphic file (type png)
<use ./image_chapitre3/figure_11.png>
Package pdftex.def Info: ./image_chapitre3/figure_11.png  used on input line 19
6.
(pdftex.def)             Requested size: 394.66002pt x 198.47136pt.


Package caption Warning: The option `hypcap=true' will be ignored for this
(caption)                particular \caption on input line 217.
See the caption package documentation for explanation.

[42 <./image_chapitre3/figure_11.png>]
<./image_chapitre3/figure_12.png, id=1058, 522.45187pt x 258.9675pt>
File: ./image_chapitre3/figure_12.png Graphic file (type png)
<use ./image_chapitre3/figure_12.png>
Package pdftex.def Info: ./image_chapitre3/figure_12.png  used on input line 22
6.
(pdftex.def)             Requested size: 394.66002pt x 195.62791pt.
<./image_chapitre3/figure_13.png, id=1059, 522.45187pt x 258.9675pt>
File: ./image_chapitre3/figure_13.png Graphic file (type png)
<use ./image_chapitre3/figure_13.png>
Package pdftex.def Info: ./image_chapitre3/figure_13.png  used on input line 23
3.
(pdftex.def)             Requested size: 394.66002pt x 195.62791pt.
 [43 <./image_chapitre3/figure_12.png> <./image_chapitre3/figure_13.png>]
<./image_chapitre3/figure_14.png, id=1065, 522.45187pt x 262.73157pt>
File: ./image_chapitre3/figure_14.png Graphic file (type png)
<use ./image_chapitre3/figure_14.png>
Package pdftex.def Info: ./image_chapitre3/figure_14.png  used on input line 24
1.
(pdftex.def)             Requested size: 394.66002pt x 198.47136pt.

Underfull \hbox (badness 10000) in paragraph at lines 247--251

 []


Package caption Warning: The option `hypcap=true' will be ignored for this
(caption)                particular \caption on input line 263.
See the caption package documentation for explanation.

[44 <./image_chapitre3/figure_14.png>]
<./image_chapitre3/figure_15.png, id=1071, 514.92375pt x 290.58563pt>
File: ./image_chapitre3/figure_15.png Graphic file (type png)
<use ./image_chapitre3/figure_15.png>
Package pdftex.def Info: ./image_chapitre3/figure_15.png  used on input line 27
1.
(pdftex.def)             Requested size: 394.66002pt x 222.72293pt.
 [45 <./image_chapitre3/figure_15.png>]
<./image_chapitre3/figure_16.png, id=1076, 371.88937pt x 252.19218pt>
File: ./image_chapitre3/figure_16.png Graphic file (type png)
<use ./image_chapitre3/figure_16.png>
Package pdftex.def Info: ./image_chapitre3/figure_16.png  used on input line 28
1.
(pdftex.def)             Requested size: 394.66002pt x 267.64183pt.

Underfull \hbox (badness 10000) in paragraph at lines 285--287

 []

<./image_chapitre3/figure_17.png, id=1077, 492.33937pt x 205.5178pt>
File: ./image_chapitre3/figure_17.png Graphic file (type png)
<use ./image_chapitre3/figure_17.png>
Package pdftex.def Info: ./image_chapitre3/figure_17.png  used on input line 29
2.
(pdftex.def)             Requested size: 394.66002pt x 164.75002pt.
[46 <./image_chapitre3/figure_16.png>]
<./image_chapitre3/figure_18.png, id=1083, 559.33969pt x 435.87843pt>
File: ./image_chapitre3/figure_18.png Graphic file (type png)
<use ./image_chapitre3/figure_18.png>
Package pdftex.def Info: ./image_chapitre3/figure_18.png  used on input line 29
9.
(pdftex.def)             Requested size: 394.66002pt x 307.56036pt.
 [47 <./image_chapitre3/figure_17.png> <./image_chapitre3/figure_18.png>]
<./image_chapitre3/figure_19.png, id=1091, 479.54156pt x 422.32782pt>
File: ./image_chapitre3/figure_19.png Graphic file (type png)
<use ./image_chapitre3/figure_19.png>
Package pdftex.def Info: ./image_chapitre3/figure_19.png  used on input line 31
0.
(pdftex.def)             Requested size: 394.66002pt x 347.57411pt.
 [48 <./image_chapitre3/figure_19.png>]
<./image_chapitre3/figure_20.png, id=1099, 480.29437pt x 410.2828pt>
File: ./image_chapitre3/figure_20.png Graphic file (type png)
<use ./image_chapitre3/figure_20.png>
Package pdftex.def Info: ./image_chapitre3/figure_20.png  used on input line 31
7.
(pdftex.def)             Requested size: 394.66002pt x 337.13524pt.
<./image_chapitre3/figure_21.png, id=1100, 438.8897pt x 218.31563pt>
File: ./image_chapitre3/figure_21.png Graphic file (type png)
<use ./image_chapitre3/figure_21.png>
Package pdftex.def Info: ./image_chapitre3/figure_21.png  used on input line 32
6.
(pdftex.def)             Requested size: 394.66002pt x 196.319pt.

[49 <./image_chapitre3/figure_20.png> <./image_chapitre3/figure_21.png>]
<./image_chapitre3/figure_22.png, id=1107, 476.53032pt x 420.06938pt>
File: ./image_chapitre3/figure_22.png Graphic file (type png)
<use ./image_chapitre3/figure_22.png>
Package pdftex.def Info: ./image_chapitre3/figure_22.png  used on input line 33
6.
(pdftex.def)             Requested size: 394.66002pt x 347.92038pt.

[50 <./image_chapitre3/figure_22.png>]
<./image_chapitre3/figure_23.png, id=1113, 481.04718pt x 422.32782pt>
File: ./image_chapitre3/figure_23.png Graphic file (type png)
<use ./image_chapitre3/figure_23.png>
Package pdftex.def Info: ./image_chapitre3/figure_23.png  used on input line 34
6.
(pdftex.def)             Requested size: 306.95853pt x 269.49625pt.
 [51 <./image_chapitre3/figure_23.png>]
<./image_chapitre3/figure_24.png, id=1119, 478.03593pt x 515.67656pt>
File: ./image_chapitre3/figure_24.png Graphic file (type png)
<use ./image_chapitre3/figure_24.png>
Package pdftex.def Info: ./image_chapitre3/figure_24.png  used on input line 35
3.
(pdftex.def)             Requested size: 306.95853pt x 331.1256pt.
LaTeX Font Info:    Trying to load font information for T1+lmtt on input line 3
59.

(C:\Users\HP\AppData\Local\Programs\MiKTeX\tex/latex/lm\t1lmtt.fd
File: t1lmtt.fd 2009/10/30 v1.6 Font defs for Latin Modern
)) [52 <./image_chapitre3/figure_24.png>]
\openout2 = `pagevide.aux'.

 (pagevide.tex)
\openout2 = `conclusion.aux'.

 (conclusion.tex
Underfull \hbox (badness 10000) in paragraph at lines 2--3

 []


Underfull \hbox (badness 10000) in paragraph at lines 3--4

 []


Underfull \hbox (badness 10000) in paragraph at lines 4--5

 []


Underfull \hbox (badness 10000) in paragraph at lines 5--6

 []

[53







]
Underfull \hbox (badness 10000) in paragraph at lines 6--7

 []


Underfull \hbox (badness 10000) in paragraph at lines 7--8

 []


Underfull \hbox (badness 10000) in paragraph at lines 8--9

 []

) [54]
\openout2 = `biblio1.aux'.

 (biblio1.tex
Underfull \hbox (badness 1622) in paragraph at lines 19--20
[] \T1/lmr/m/n/10.95 Ma-thieu, Gae-tan, Be-noit, Sté-phane. Fouille des ré-seau
x so-ciaux en
 []

[55




] [56] [57]) [58]
\openout2 = `biblio2.aux'.

 (biblio2.tex
Underfull \hbox (badness 10000) in paragraph at lines 4--8
[]\T1/lmr/m/n/10.95 LE DEEP LEAR-NING PAS À PAS : LES CONCEPTS (1/2).
 []


Underfull \hbox (badness 10000) in paragraph at lines 4--8
[][]$\T1/lmtt/m/n/10.95 https : / / www . technologies-[]ebusiness . com / enje
ux-[]et-[]tendances /
 []


Underfull \hbox (badness 10000) in paragraph at lines 10--14
[]\T1/lmr/m/n/10.95 Harry Pom-mier, 2020. [Fiche mémo] Ré-seau de neu-rones pro
-
 []


Underfull \hbox (badness 10000) in paragraph at lines 10--14
\T1/lmr/m/n/10.95 fond.  [][]$\T1/lmtt/m/n/10.95 https : / / medium . zenika . 
com / fiche-[]m % C3 % A9mo-[]r % C3 %
 []


Underfull \hbox (badness 1668) in paragraph at lines 16--20
\T1/lmtt/m/n/10.95 ~shervine / l / fr / teaching / cs-[]221 / pense-[]bete-[]mo
deles-[]reflex$[][]\T1/lmr/m/n/10.95 .  [Consulté :
 []


Underfull \hbox (badness 10000) in paragraph at lines 22--26
\T1/lmtt/m/n/10.95 retropropagation / # : ~ : text = La % 20r % C3 % A9tropropa
gation % 20du % 20gradient %
 []


Underfull \hbox (badness 2941) in paragraph at lines 34--38
[]\T1/lmr/m/n/10.95 Artificial in-tel-li-gence and the rise of eco-no-mec in-eq
ua-lity  [][]$\T1/lmtt/m/n/10.95 https : / / www .
 []


Underfull \hbox (badness 10000) in paragraph at lines 34--38
\T1/lmtt/m/n/10.95 datascience . us / artificial-[]intelligence-[]rise-[]econom
ic-[]inequality/$[][]\T1/lmr/m/n/10.95 .
 []


Underfull \hbox (badness 6141) in paragraph at lines 40--43
\T1/lmr/m/n/10.95 convo-lu-tion-nels.  [][]$\T1/lmtt/m/n/10.95 https : / / stan
ford . edu / ~shervine / l / fr / teaching / cs-[]230 /
 []


Underfull \hbox (badness 10000) in paragraph at lines 45--49
[]\T1/lmr/m/n/10.95 Convolutional Neu-ral Net-works (CNN) : Step 3 -
 []


Underfull \hbox (badness 10000) in paragraph at lines 45--49
\T1/lmr/m/n/10.95 Flattening.  [][]$\T1/lmtt/m/n/10.95 https : / / www . superd
atascience . com / blogs /
 []


Underfull \hbox (badness 10000) in paragraph at lines 45--49
\T1/lmtt/m/n/10.95 convolutional-[]neural-[]networks-[]cnn-[]step-[]3-[]flatten
ing$[][]\T1/lmr/m/n/10.95 .  [Consulté :
 []


Underfull \hbox (badness 10000) in paragraph at lines 51--55
[]\T1/lmr/m/n/10.95 Par Jean-Pierre Mis-tral.(2018) BIG DATA, IN-TEL-LI-GENCE
 []


Underfull \hbox (badness 10000) in paragraph at lines 51--55
\T1/lmr/m/n/10.95 AR-TI-FI-CIELLE, AP-PREN-TIS-SAGE AU-TO-MA-TIQUE ET
 []


Underfull \hbox (badness 10000) in paragraph at lines 51--55
\T1/lmr/m/n/10.95 LE RGPD.  [][]$\T1/lmtt/m/n/10.95 https : / / www . village-[
]justice . com / articles /
 []


Underfull \hbox (badness 10000) in paragraph at lines 51--55
\T1/lmtt/m/n/10.95 big-[]data-[]intelligence-[]artificielle-[]apprentissage-[]a
utomatique-[]rgpd ,[]
 []

[59




]
Underfull \hbox (badness 10000) in paragraph at lines 63--67
[]\T1/lmr/m/n/10.95 Robin Ca-ma-rasa. Baye-sian Deep Lear-ning : Soyez sûr
 []


Underfull \hbox (badness 10000) in paragraph at lines 63--67
\T1/lmr/m/n/10.95 de vos in-cer-ti-tudes.  [][]$\T1/lmtt/m/n/10.95 https : / / 
www . datagenius . fr / post /
 []


Underfull \hbox (badness 10000) in paragraph at lines 63--67
\T1/lmtt/m/n/10.95 bayesian-[]deep-[]learning-[]soyez-[]sur-[]de-[]vos-[]incert
itudes$[][]\T1/lmr/m/n/10.95 .  [Consulté :
 []


Underfull \hbox (badness 10000) in paragraph at lines 81--85
[]\T1/lmr/m/n/10.95 Python.  [][]$\T1/lmtt/m/n/10.95 https : / / fr . wikibooks
 . org / wiki / Programmation _ Python /
 []


Underfull \hbox (badness 4266) in paragraph at lines 87--91
[]\T1/lmr/m/n/10.95 Anaconda.  [][]$\T1/lmtt/m/n/10.95 https : / / www . anacon
da . com / what-[]is-[]anaconda/$[][]\T1/lmr/m/n/10.95 .  [Consulté :
 []


Underfull \hbox (badness 10000) in paragraph at lines 99--103
[]\T1/lmr/m/n/10.95 Numpy.  [][]$\T1/lmtt/m/n/10.95 https : / / openclassrooms 
. com / fr / courses /
 []


Underfull \hbox (badness 10000) in paragraph at lines 99--103
\T1/lmtt/m/n/10.95 4452741-[]decouvrez-[]les-[]librairies-[]python-[]pour-[]la-
[]data-[]science /
 []


Underfull \hbox (badness 10000) in paragraph at lines 99--103
\T1/lmtt/m/n/10.95 4740941-[]plongez-[]en-[]detail-[]dans-[]la-[]librairie-[]nu
mpy$[][]\T1/lmr/m/n/10.95 .  [Consulté :
 []


Underfull \hbox (badness 10000) in paragraph at lines 129--133
[]\T1/lmr/m/n/10.95 Create HTML User In-ter-face for Py-thon using
 []


Underfull \hbox (badness 10000) in paragraph at lines 129--133
\T1/lmr/m/n/10.95 Eel Li-brary  [][]$\T1/lmtt/m/n/10.95 https : / / medium . co
m / wronmbertech /
 []


Underfull \hbox (badness 10000) in paragraph at lines 129--133
\T1/lmtt/m/n/10.95 create-[]html-[]user-[]interface-[]for-[]python-[]using-[]ee
l-[]library-[]bab101cc0f99$[][]\T1/lmr/m/n/10.95 .
 []

) [60]
\openout2 = `pagevide.aux'.

 (pagevide.tex) (document_final.aux (ppgarde.aux) (dedicace.aux)
(thanks.aux) (abstract.aux) (symbabrev.aux) (pagevide.aux) (introduction.aux)
(chapitre1.aux) (pagevide.aux) (chapitre2.aux) (pagevide.aux) (chapitre3.aux)
(pagevide.aux) (conclusion.aux) (biblio1.aux) (biblio2.aux) (pagevide.aux))
Package rerunfilecheck Info: File `document_final.out' has not changed.
(rerunfilecheck)             Checksum: 0D367F134BCA04C455E23B883A31285E;6509.


LaTeX Font Warning: Some font shapes were not available, defaults substituted.


LaTeX Warning: There were multiply-defined labels.

 ) 
Here is how much of TeX's memory you used:
 12867 strings out of 480236
 206080 string characters out of 2881984
 620555 words of memory out of 3000000
 28685 multiletter control sequences out of 15000+200000
 600417 words of font info for 73 fonts, out of 3000000 for 9000
 1141 hyphenation exceptions out of 8191
 60i,12n,67p,1547b,619s stack positions out of 5000i,500n,10000p,200000b,50000s
{C:/Users/HP/AppData/Local/Programs/MiKTeX/fonts/enc/dvips/lm/lm-ec.enc}{C:/U
sers/HP/AppData/Local/Programs/MiKTeX/fonts/enc/dvips/lm/lm-rm.enc}{C:/Users/HP
/AppData/Local/Programs/MiKTeX/fonts/enc/dvips/lm/lm-mathit.enc}{C:/Users/HP/Ap
pData/Local/Programs/MiKTeX/fonts/enc/dvips/lm/lm-mathsy.enc}{C:/Users/HP/AppDa
ta/Local/Programs/MiKTeX/fonts/enc/dvips/lm/lm-ts1.enc}{C:/Users/HP/AppData/Loc
al/Programs/MiKTeX/fonts/enc/dvips/lm/lm-mathex.enc}<C:/Users/HP/AppData/Local/
Programs/MiKTeX/fonts/type1/public/lm/lmbx10.pfb><C:/Users/HP/AppData/Local/Pro
grams/MiKTeX/fonts/type1/public/lm/lmbx12.pfb><C:/Users/HP/AppData/Local/Progra
ms/MiKTeX/fonts/type1/public/lm/lmcsc10.pfb><C:/Users/HP/AppData/Local/Programs
/MiKTeX/fonts/type1/public/lm/lmex10.pfb><C:/Users/HP/AppData/Local/Programs/Mi
KTeX/fonts/type1/public/lm/lmmi10.pfb><C:/Users/HP/AppData/Local/Programs/MiKTe
X/fonts/type1/public/lm/lmmi12.pfb><C:/Users/HP/AppData/Local/Programs/MiKTeX/f
onts/type1/public/lm/lmmi8.pfb><C:/Users/HP/AppData/Local/Programs/MiKTeX/fonts
/type1/public/lm/lmr10.pfb><C:/Users/HP/AppData/Local/Programs/MiKTeX/fonts/typ
e1/public/lm/lmr12.pfb><C:/Users/HP/AppData/Local/Programs/MiKTeX/fonts/type1/p
ublic/lm/lmr8.pfb><C:/Users/HP/AppData/Local/Programs/MiKTeX/fonts/type1/public
/lm/lmri12.pfb><C:/Users/HP/AppData/Local/Programs/MiKTeX/fonts/type1/public/lm
/lmsy10.pfb><C:/Users/HP/AppData/Local/Programs/MiKTeX/fonts/type1/public/lm/lm
sy6.pfb><C:/Users/HP/AppData/Local/Programs/MiKTeX/fonts/type1/public/lm/lmsy8.
pfb><C:/Users/HP/AppData/Local/Programs/MiKTeX/fonts/type1/public/lm/lmtt10.pfb
><C:/Users/HP/AppData/Local/Programs/MiKTeX/fonts/type1/urw/zapfding/uzdr.pfb>
Output written on document_final.pdf (73 pages, 2439316 bytes).
PDF statistics:
 1348 PDF objects out of 1440 (max. 8388607)
 303 named destinations out of 1000 (max. 500000)
 799 words of extra memory for PDF output out of 10000 (max. 10000000)

