\BOOKMARK [0][-]{figure.caption.1}{D\351dicace}{}% 1
\BOOKMARK [0][-]{section*.2}{Remerciements}{}% 2
\BOOKMARK [0][-]{section*.3}{R\351sum\351}{}% 3
\BOOKMARK [0][-]{section*.8}{Table des mati\350res}{}% 4
\BOOKMARK [0][-]{section*.9}{Liste des abr\351viations}{}% 5
\BOOKMARK [0][-]{section*.10}{Table des figures}{}% 6
\BOOKMARK [0][-]{section*.11}{Liste de tableaux}{}% 7
\BOOKMARK [0][-]{section*.12}{Introduction g\351n\351rale}{}% 8
\BOOKMARK [0][-]{chapter.1}{L'analyse du big data}{}% 9
\BOOKMARK [1][-]{section.1.1}{Introduction}{chapter.1}% 10
\BOOKMARK [1][-]{section.1.2}{Data mining \(Fouille de donn\351es\)}{chapter.1}% 11
\BOOKMARK [2][-]{subsection.1.2.1}{D\351finition}{section.1.2}% 12
\BOOKMARK [1][-]{section.1.3}{Machine Learning \(Apprentissage automatique\)}{chapter.1}% 13
\BOOKMARK [2][-]{subsection.1.3.1}{M\351thodes et m\351canismes du Machine Learning}{section.1.3}% 14
\BOOKMARK [1][-]{section.1.4}{R\351seaux de neurones \(NN\)}{chapter.1}% 15
\BOOKMARK [2][-]{subsection.1.4.1}{Le neurone formel}{section.1.4}% 16
\BOOKMARK [2][-]{subsection.1.4.2}{Le perceptron}{section.1.4}% 17
\BOOKMARK [2][-]{subsection.1.4.3}{Le perceptron multi-couches}{section.1.4}% 18
\BOOKMARK [1][-]{section.1.5}{Deep Learning}{chapter.1}% 19
\BOOKMARK [2][-]{subsection.1.5.1}{D\351finition}{section.1.5}% 20
\BOOKMARK [2][-]{subsection.1.5.2}{R\351tropropagation}{section.1.5}% 21
\BOOKMARK [2][-]{subsection.1.5.3}{Sur-apprentissage}{section.1.5}% 22
\BOOKMARK [2][-]{subsection.1.5.4}{Les diff\351rentes architectures du Deep Learning}{section.1.5}% 23
\BOOKMARK [1][-]{section.1.6}{Les r\351seaux de neurones convolutifs}{chapter.1}% 24
\BOOKMARK [2][-]{subsection.1.6.1}{L'op\351ration de convolution}{section.1.6}% 25
\BOOKMARK [2][-]{subsection.1.6.2}{Architecture CNN}{section.1.6}% 26
\BOOKMARK [1][-]{section.1.7}{L'analyse des donn\351es du big data}{chapter.1}% 27
\BOOKMARK [1][-]{section.1.8}{Limites du machine learning dans le Big Data}{chapter.1}% 28
\BOOKMARK [1][-]{section.1.9}{Les r\351seaux bay\351siens}{chapter.1}% 29
\BOOKMARK [2][-]{subsection.1.9.1}{C'est quoi un r\351seau bay\351sien ?}{section.1.9}% 30
\BOOKMARK [2][-]{subsection.1.9.2}{Pourquoi les r\351seaux bay\351siens ?}{section.1.9}% 31
\BOOKMARK [1][-]{section.1.10}{Formalisme math\351matique}{chapter.1}% 32
\BOOKMARK [2][-]{subsection.1.10.1}{D\351finition formelle \(R\351seaux bay\351siens\)}{section.1.10}% 33
\BOOKMARK [1][-]{section.1.11}{Conclusion}{chapter.1}% 34
\BOOKMARK [0][-]{chapter.2}{Les r\351seaux bay\351siens profonds }{}% 35
\BOOKMARK [1][-]{section.2.1}{Introduction}{chapter.2}% 36
\BOOKMARK [1][-]{section.2.2}{Les r\351seaux bay\351siens profonds }{chapter.2}% 37
\BOOKMARK [1][-]{section.2.3}{Travaux associ\351s}{chapter.2}% 38
\BOOKMARK [2][-]{subsection.2.3.1}{Architecture du r\351seau bay\351sien profond pour le Big data mining ref18}{section.2.3}% 39
\BOOKMARK [2][-]{subsection.2.3.2}{R\351seau de neurones bay\351sien \340 convolution profonde pour l'analyse de la qualit\351 des SMS ref27}{section.2.3}% 40
\BOOKMARK [2][-]{subsection.2.3.3}{Construction des r\351seaux de neurones profonds par l'apprentissage de la structure d'un r\351seau bay\351sien ref33}{section.2.3}% 41
\BOOKMARK [2][-]{subsection.2.3.4}{Reconnaissance faciale avec les r\351seaux convolutifs bay\351siens pour des syst\350mes de surveillance robustes ref34}{section.2.3}% 42
\BOOKMARK [2][-]{subsection.2.3.5}{R\351seaux de neurones bay\351siens convolutifs avec inf\351rence variationnelle approximative de Bernoulli ref35}{section.2.3}% 43
\BOOKMARK [2][-]{subsection.2.3.6}{Bayesian SegNet : Incertitude du mod\350le dans les architectures d'encodeurs-d\351codeurs convolutifs profonds pour la compr\351hension des sc\350nes ref36}{section.2.3}% 44
\BOOKMARK [2][-]{subsection.2.3.7}{Le dropout comme approximation bay\351sienne : Repr\351sentation de l'incertitude du mod\350le dans l'apprentissage profond ref37}{section.2.3}% 45
\BOOKMARK [2][-]{subsection.2.3.8}{G\351n\351ration de conversation \351motionnelle bas\351e sur un r\351seau neuronal bay\351sien profond ref38}{section.2.3}% 46
\BOOKMARK [1][-]{section.2.4}{L'apprentissage profond bay\351sien}{chapter.2}% 47
\BOOKMARK [1][-]{section.2.5}{Monte Carlo Dropout comme approximation bay\351sienne}{chapter.2}% 48
\BOOKMARK [2][-]{subsection.2.5.1}{Dropout}{section.2.5}% 49
\BOOKMARK [2][-]{subsection.2.5.2}{Estimation d'incertitude}{section.2.5}% 50
\BOOKMARK [2][-]{subsection.2.5.3}{L'incertitude \351pist\351mique dans l'apprentissage profond bay\351sien ref45}{section.2.5}% 51
\BOOKMARK [2][-]{subsection.2.5.4}{L'inf\351rence variationnelle \(VI\) ref45}{section.2.5}% 52
\BOOKMARK [2][-]{subsection.2.5.5}{L'approximation de Monte-Carlo Dropout}{section.2.5}% 53
\BOOKMARK [1][-]{section.2.6}{Conclusion}{chapter.2}% 54
\BOOKMARK [0][-]{chapter.3}{Impl\351mentation et r\351sultats exp\351rimentaux}{}% 55
\BOOKMARK [1][-]{section.3.1}{Introduction}{chapter.3}% 56
\BOOKMARK [1][-]{section.3.2}{Environnement et outils de travail}{chapter.3}% 57
\BOOKMARK [2][-]{subsection.3.2.1}{Environnement Mat\351riel}{section.3.2}% 58
\BOOKMARK [2][-]{subsection.3.2.2}{Langages de programmation et logiciels}{section.3.2}% 59
\BOOKMARK [2][-]{subsection.3.2.3}{Description du dataset}{section.3.2}% 60
\BOOKMARK [1][-]{section.3.3}{Architecture et description}{chapter.3}% 61
\BOOKMARK [2][-]{subsection.3.3.1}{Architecture propos\351e}{section.3.3}% 62
\BOOKMARK [2][-]{subsection.3.3.2}{Application du dropout}{section.3.3}% 63
\BOOKMARK [2][-]{subsection.3.3.3}{Fonction de perte et algorithme d'optimisation}{section.3.3}% 64
\BOOKMARK [2][-]{subsection.3.3.4}{Apprentissage du r\351seau}{section.3.3}% 65
\BOOKMARK [2][-]{subsection.3.3.5}{MC-Dropout Test}{section.3.3}% 66
\BOOKMARK [1][-]{section.3.4}{Exp\351rimentation, \351valuation et discussion des r\351sultats}{chapter.3}% 67
\BOOKMARK [2][-]{subsection.3.4.1}{R\351sultats de l'\351tape d'apprentissage}{section.3.4}% 68
\BOOKMARK [2][-]{subsection.3.4.2}{Conclusion}{section.3.4}% 69
\BOOKMARK [2][-]{subsection.3.4.3}{R\351sultats du MC Dropout test}{section.3.4}% 70
\BOOKMARK [2][-]{subsection.3.4.4}{R\351sultats d'incertitude du mod\350le}{section.3.4}% 71
\BOOKMARK [1][-]{section.3.5}{R\351alisation de l'application}{chapter.3}% 72
\BOOKMARK [1][-]{section.3.6}{conclusion}{chapter.3}% 73
\BOOKMARK [0][-]{section*.64}{Conclusion g\351n\351rale}{}% 74
\BOOKMARK [0][-]{section*.65}{Bibliographie}{}% 75
\BOOKMARK [0][-]{section*.66}{Webographie}{}% 76
